<?xml version="1.0" encoding="UTF-8"?>
<coverage generated="1581520980594" clover="3.2.0">
  <project timestamp="1581520980594" name="All files">
    <metrics statements="11" coveredstatements="11" conditionals="6" coveredconditionals="6" methods="3" coveredmethods="3" elements="20" coveredelements="20" complexity="0" loc="11" ncloc="11" packages="1" files="2" classes="2"/>
    <file name="index.js" path="/home/harry/Documents/SocialSchools/event-times/src/index.js">
      <metrics statements="0" coveredstatements="0" conditionals="0" coveredconditionals="0" methods="0" coveredmethods="0"/>
    </file>
    <file name="toUTCStrings.js" path="/home/harry/Documents/SocialSchools/event-times/src/toUTCStrings.js">
      <metrics statements="11" coveredstatements="11" conditionals="6" coveredconditionals="6" methods="3" coveredmethods="3"/>
      <line num="9" count="5" type="stmt"/>
      <line num="18" count="2" type="stmt"/>
      <line num="19" count="2" type="stmt"/>
      <line num="30" count="3" type="stmt"/>
      <line num="31" count="3" type="cond" truecount="2" falsecount="0"/>
      <line num="32" count="1" type="stmt"/>
      <line num="33" count="1" type="cond" truecount="2" falsecount="0"/>
      <line num="35" count="3" type="stmt"/>
      <line num="39" count="3" type="cond" truecount="2" falsecount="0"/>
      <line num="40" count="2" type="stmt"/>
      <line num="42" count="3" type="stmt"/>
    </file>
  </project>
</coverage>
