{"/home/harry/Documents/SocialSchools/event-times/src/index.js": {"path":"/home/harry/Documents/SocialSchools/event-times/src/index.js","statementMap":{},"fnMap":{},"branchMap":{},"s":{},"f":{},"b":{},"_coverageSchema":"1a1c01bbd47fc00a2c39e90264f33305004495a9","hash":"e81ac9ce0f3dd1235a5e0c067b9d2bb6fe71839f"}
,"/home/harry/Documents/SocialSchools/event-times/src/toUTCStrings.js": {"path":"/home/harry/Documents/SocialSchools/event-times/src/toUTCStrings.js","statementMap":{"0":{"start":{"line":9,"column":2},"end":{"line":9,"column":51}},"1":{"start":{"line":18,"column":15},"end":{"line":18,"column":36}},"2":{"start":{"line":19,"column":2},"end":{"line":19,"column":41}},"3":{"start":{"line":30,"column":23},"end":{"line":30,"column":27}},"4":{"start":{"line":31,"column":2},"end":{"line":34,"column":3}},"5":{"start":{"line":32,"column":4},"end":{"line":32,"column":26}},"6":{"start":{"line":33,"column":4},"end":{"line":33,"column":41}},"7":{"start":{"line":35,"column":17},"end":{"line":38,"column":3}},"8":{"start":{"line":39,"column":2},"end":{"line":41,"column":3}},"9":{"start":{"line":40,"column":4},"end":{"line":40,"column":32}},"10":{"start":{"line":42,"column":2},"end":{"line":42,"column":16}}},"fnMap":{"0":{"name":"ISOString","decl":{"start":{"line":8,"column":9},"end":{"line":8,"column":18}},"loc":{"start":{"line":8,"column":25},"end":{"line":10,"column":1}},"line":8},"1":{"name":"utcDay","decl":{"start":{"line":17,"column":9},"end":{"line":17,"column":15}},"loc":{"start":{"line":17,"column":19},"end":{"line":20,"column":1}},"line":17},"2":{"name":"toUTCStrings","decl":{"start":{"line":29,"column":16},"end":{"line":29,"column":28}},"loc":{"start":{"line":29,"column":35},"end":{"line":43,"column":1}},"line":29}},"branchMap":{"0":{"loc":{"start":{"line":31,"column":2},"end":{"line":34,"column":3}},"type":"if","locations":[{"start":{"line":31,"column":2},"end":{"line":34,"column":3}},{"start":{"line":31,"column":2},"end":{"line":34,"column":3}}],"line":31},"1":{"loc":{"start":{"line":33,"column":10},"end":{"line":33,"column":40}},"type":"binary-expr","locations":[{"start":{"line":33,"column":10},"end":{"line":33,"column":13}},{"start":{"line":33,"column":17},"end":{"line":33,"column":40}}],"line":33},"2":{"loc":{"start":{"line":39,"column":2},"end":{"line":41,"column":3}},"type":"if","locations":[{"start":{"line":39,"column":2},"end":{"line":41,"column":3}},{"start":{"line":39,"column":2},"end":{"line":41,"column":3}}],"line":39}},"s":{"0":5,"1":2,"2":2,"3":3,"4":3,"5":1,"6":1,"7":3,"8":3,"9":2,"10":3},"f":{"0":5,"1":2,"2":3},"b":{"0":[1,2],"1":[1,1],"2":[2,1]},"_coverageSchema":"1a1c01bbd47fc00a2c39e90264f33305004495a9","hash":"f80b6dd0eeec6c31e958cff6df5306dbb1076083"}
}
